Added Component: Designator=C1(6-0805)
Added Component: Designator=C2(6-0805)
Added Component: Designator=C3(6-0805)
Added Component: Designator=C4(6-0805)
Added Component: Designator=C5(6-0805)
Added Component: Designator=D1(SOT23_M)
Added Component: Designator=D2(SOT23_M)
Added Component: Designator=D3(SOT23_M)
Added Component: Designator=D4(SOT23_M)
Added Component: Designator=J1(HDR1X8)
Added Component: Designator=J2(2P_TBlock)
Added Component: Designator=J3(3P_TBlock)
Added Component: Designator=J4(CONN_PWR_JACK_2.1x5.5mm)
Added Component: Designator=J5(HDR1X3)
Added Component: Designator=U1(SSOP-SS24_L)
Added Component: Designator=U2(QSOP-QR16_L)
Added Pin To Net: NetName=3V3 Pin=C1-2
Added Pin To Net: NetName=3V3 Pin=C2-2
Added Pin To Net: NetName=3V3 Pin=C3-2
Added Pin To Net: NetName=3V3 Pin=C4-2
Added Pin To Net: NetName=3V3 Pin=C5-2
Added Pin To Net: NetName=3V3 Pin=J1-7
Added Pin To Net: NetName=3V3 Pin=U1-20
Added Pin To Net: NetName=3V3 Pin=U2-16
Added Net: Name=3V3
Added Pin To Net: NetName=AIN1 Pin=J1-2
Added Pin To Net: NetName=AIN1 Pin=U1-21
Added Pin To Net: NetName=AIN1 Pin=U2-4
Added Net: Name=AIN1
Added Pin To Net: NetName=AIN2 Pin=U1-22
Added Pin To Net: NetName=AIN2 Pin=U2-5
Added Net: Name=AIN2
Added Pin To Net: NetName=BIN1 Pin=U1-17
Added Pin To Net: NetName=BIN1 Pin=U2-7
Added Net: Name=BIN1
Added Pin To Net: NetName=BIN2 Pin=U1-16
Added Pin To Net: NetName=BIN2 Pin=U2-9
Added Net: Name=BIN2
Added Pin To Net: NetName=COMMON Pin=C1-1
Added Pin To Net: NetName=COMMON Pin=C2-1
Added Pin To Net: NetName=COMMON Pin=C3-1
Added Pin To Net: NetName=COMMON Pin=C4-1
Added Pin To Net: NetName=COMMON Pin=C5-1
Added Pin To Net: NetName=COMMON Pin=D1-1
Added Pin To Net: NetName=COMMON Pin=D2-1
Added Pin To Net: NetName=COMMON Pin=D3-1
Added Pin To Net: NetName=COMMON Pin=D4-1
Added Pin To Net: NetName=COMMON Pin=J1-8
Added Pin To Net: NetName=COMMON Pin=J3-1
Added Pin To Net: NetName=COMMON Pin=J4-2
Added Pin To Net: NetName=COMMON Pin=J4-3
Added Pin To Net: NetName=COMMON Pin=U1-3
Added Pin To Net: NetName=COMMON Pin=U1-4
Added Pin To Net: NetName=COMMON Pin=U1-9
Added Pin To Net: NetName=COMMON Pin=U1-10
Added Pin To Net: NetName=COMMON Pin=U1-18
Added Net: Name=COMMON
Added Pin To Net: NetName=GPIO1 Pin=J5-1
Added Pin To Net: NetName=GPIO1 Pin=U2-11
Added Net: Name=GPIO1
Added Pin To Net: NetName=GPIO2 Pin=J5-2
Added Pin To Net: NetName=GPIO2 Pin=U2-12
Added Net: Name=GPIO2
Added Pin To Net: NetName=GPIO3 Pin=J5-3
Added Pin To Net: NetName=GPIO3 Pin=U2-13
Added Net: Name=GPIO3
Added Pin To Net: NetName=MISO Pin=J1-5
Added Pin To Net: NetName=MISO Pin=U2-14
Added Net: Name=MISO
Added Pin To Net: NetName=MOSI Pin=J1-4
Added Pin To Net: NetName=MOSI Pin=U2-15
Added Net: Name=MOSI
Added Pin To Net: NetName=NetD1_3 Pin=D1-3
Added Pin To Net: NetName=NetD1_3 Pin=J2-1
Added Pin To Net: NetName=NetD1_3 Pin=U1-1
Added Pin To Net: NetName=NetD1_3 Pin=U1-2
Added Net: Name=NetD1_3
Added Pin To Net: NetName=NetD2_3 Pin=D2-3
Added Pin To Net: NetName=NetD2_3 Pin=J2-2
Added Pin To Net: NetName=NetD2_3 Pin=U1-5
Added Pin To Net: NetName=NetD2_3 Pin=U1-6
Added Net: Name=NetD2_3
Added Pin To Net: NetName=NetD3_3 Pin=D3-3
Added Pin To Net: NetName=NetD3_3 Pin=J3-2
Added Pin To Net: NetName=NetD3_3 Pin=U1-7
Added Pin To Net: NetName=NetD3_3 Pin=U1-8
Added Net: Name=NetD3_3
Added Pin To Net: NetName=NetD4_3 Pin=D4-3
Added Pin To Net: NetName=NetD4_3 Pin=J3-3
Added Pin To Net: NetName=NetD4_3 Pin=U1-11
Added Pin To Net: NetName=NetD4_3 Pin=U1-12
Added Net: Name=NetD4_3
Added Pin To Net: NetName=PWM1 Pin=J1-3
Added Pin To Net: NetName=PWM1 Pin=U2-2
Added Net: Name=PWM1
Added Pin To Net: NetName=PWMA Pin=U1-23
Added Pin To Net: NetName=PWMA Pin=U2-3
Added Net: Name=PWMA
Added Pin To Net: NetName=PWMB Pin=U1-15
Added Pin To Net: NetName=PWMB Pin=U2-6
Added Net: Name=PWMB
Added Pin To Net: NetName=RST1 Pin=J1-1
Added Net: Name=RST1
Added Pin To Net: NetName=S\T\B\Y\ Pin=U1-19
Added Pin To Net: NetName=S\T\B\Y\ Pin=U2-10
Added Net: Name=S\T\B\Y\
Added Pin To Net: NetName=SCK Pin=J1-6
Added Pin To Net: NetName=SCK Pin=U2-1
Added Net: Name=SCK
Added Pin To Net: NetName=VMOTOR Pin=D1-2
Added Pin To Net: NetName=VMOTOR Pin=D2-2
Added Pin To Net: NetName=VMOTOR Pin=D3-2
Added Pin To Net: NetName=VMOTOR Pin=D4-2
Added Pin To Net: NetName=VMOTOR Pin=J4-1
Added Pin To Net: NetName=VMOTOR Pin=U1-13
Added Pin To Net: NetName=VMOTOR Pin=U1-14
Added Pin To Net: NetName=VMOTOR Pin=U1-24
Added Net: Name=VMOTOR
Added Member To Class: ClassName=MotorShield Member=Component C1 Cap
Added Member To Class: ClassName=MotorShield Member=Component C2 Cap
Added Member To Class: ClassName=MotorShield Member=Component C3 Cap
Added Member To Class: ClassName=MotorShield Member=Component C4 Cap
Added Member To Class: ClassName=MotorShield Member=Component C5 Cap
Added Member To Class: ClassName=MotorShield Member=Component D1 BAT54S
Added Member To Class: ClassName=MotorShield Member=Component D2 BAT54S
Added Member To Class: ClassName=MotorShield Member=Component D3 BAT54S
Added Member To Class: ClassName=MotorShield Member=Component D4 BAT54S
Added Member To Class: ClassName=MotorShield Member=Component J1 ArduIMU_Connector
Added Member To Class: ClassName=MotorShield Member=Component J2 2P_TBlock
Added Member To Class: ClassName=MotorShield Member=Component J3 3P_TBlock
Added Member To Class: ClassName=MotorShield Member=Component J4 CONN_PWR_JACK_2.1x5.5mm
Added Member To Class: ClassName=MotorShield Member=Component J5 GPIO
Added Member To Class: ClassName=MotorShield Member=Component U1 TB6612FNG
Added Member To Class: ClassName=MotorShield Member=Component U2 MAX6966
